Arguments: 
  /usr/bin/nodejs /usr/bin/yarn install

PATH: 
  /home/kot/.rbenv/plugins/ruby-build/bin:/home/kot/.rbenv/shims:/home/kot/.rbenv/bin:/usr/local/go/bin:/home/kot/bin:/home/kot/.local/bin:/usr/local:/home/kot/.rbenv/plugins/ruby-build/bin:/home/kot/.rbenv/shims:/home/kot/.rbenv/bin:/usr/local/go/bin:/home/kot/bin:/home/kot/.local/bin:/usr/local:/usr/local/sbin:/usr/local/bin:/usr/sbin:/usr/bin:/sbin:/bin:/usr/games:/usr/local/games:/snap/bin:/usr/lib/jvm/java-8-oracle/bin:/usr/lib/jvm/java-8-oracle/db/bin:/usr/lib/jvm/java-8-oracle/jre/bin:/snap/bin:/usr/lib/jvm/java-8-oracle/bin:/usr/lib/jvm/java-8-oracle/db/bin:/usr/lib/jvm/java-8-oracle/jre/bin

Yarn version: 
  0.21.3

Node version: 
  7.7.4

Platform: 
  linux x64

npm manifest: 
  {
    "name": "generator-cucumber-steps",
    "version": "0.0.0",
    "description": "Fast steps-defs based on features generation :watermelon:",
    "homepage": "",
    "author": {
      "name": "lamartire",
      "email": "lamartire@gmail.com",
      "url": "darkened.space"
    },
    "files": [
      "generators"
    ],
    "main": "generators/index.js",
    "keywords": [
      "cucumber steps features testing bdd",
      "yeoman-generator"
    ],
    "devDependencies": {
      "yeoman-test": "^1.6.0",
      "yeoman-assert": "^3.0.0",
      "coveralls": "^2.12.0",
      "nsp": "^2.6.3",
      "eslint": "^3.18.0",
      "eslint-config-xo-space": "^0.16.0",
      "jest": "^19.0.2",
      "jest-cli": "^19.0.1"
    },
    "dependencies": {
      "yeoman-generator": "^1.0.0",
      "chalk": "^1.1.3",
      "yosay": "^2.0.0"
    },
    "jest": {
      "testEnvironment": "node"
    },
    "scripts": {
      "prepublish": "nsp check",
      "pretest": "eslint . --fix",
      "test": "jest"
    },
    "eslintConfig": {
      "extends": "xo-space",
      "env": {
        "jest": true,
        "node": true
      }
    },
    "repository": "lamartire/generator-cucumber-steps",
    "license": "MIT"
  }

yarn manifest: 
  No manifest

Lockfile: 
  No lockfile

Trace: 
  Error: EACCES: permission denied, scandir '/home/kot/.cache/yarn/npm-tmp-0.0.29-f25125ff0dd9da3ccb0c2dd371ee1288bb9128c0/x'
